  [1m[36mSQL (0.3ms)[0m  [1m SELECT name
 FROM sqlite_master
 WHERE type = 'table' AND NOT name = 'sqlite_sequence'
[0m
  [1m[35mSQL (0.1ms)[0m  select sqlite_version(*)
  [1m[36mSQL (2.1ms)[0m  [1mCREATE TABLE "schema_migrations" ("version" varchar(255) NOT NULL) [0m
  [1m[35mSQL (0.1ms)[0m  PRAGMA index_list("schema_migrations")
  [1m[36mSQL (2.0ms)[0m  [1mCREATE UNIQUE INDEX "unique_schema_migrations" ON "schema_migrations" ("version")[0m
  [1m[35mSQL (0.2ms)[0m   SELECT name
 FROM sqlite_master
 WHERE type = 'table' AND NOT name = 'sqlite_sequence'
  [1m[36mSQL (0.1ms)[0m  [1m SELECT name
 FROM sqlite_master
 WHERE type = 'table' AND NOT name = 'sqlite_sequence'
[0m
  [1m[35mSQL (0.1ms)[0m  SELECT "schema_migrations"."version" FROM "schema_migrations"
  [1m[36mSQL (0.3ms)[0m  [1m SELECT name
 FROM sqlite_master
 WHERE type = 'table' AND NOT name = 'sqlite_sequence'
[0m
  [1m[35mSQL (0.1ms)[0m   SELECT name
 FROM sqlite_master
 WHERE type = 'table' AND NOT name = 'sqlite_sequence'
  [1m[36mSQL (0.1ms)[0m  [1mSELECT "schema_migrations"."version" FROM "schema_migrations"[0m
  [1m[36mSQL (0.3ms)[0m  [1m SELECT name
 FROM sqlite_master
 WHERE type = 'table' AND NOT name = 'sqlite_sequence'
[0m
  [1m[35mSQL (0.1ms)[0m   SELECT name
 FROM sqlite_master
 WHERE type = 'table' AND NOT name = 'sqlite_sequence'
  [1m[36mSQL (0.1ms)[0m  [1mSELECT "schema_migrations"."version" FROM "schema_migrations"[0m
Migrating to CreateUsers (20110226203520)
  [1m[35mSQL (0.1ms)[0m  select sqlite_version(*)
  [1m[36mSQL (0.6ms)[0m  [1mCREATE TABLE "users" ("id" INTEGER PRIMARY KEY AUTOINCREMENT NOT NULL, "name" varchar(255), "email" varchar(255), "login" varchar(255), "created_at" datetime, "updated_at" datetime) [0m
  [1m[35mSQL (0.2ms)[0m  INSERT INTO "schema_migrations" ("version") VALUES ('20110226203520')
  [1m[36mSQL (0.2ms)[0m  [1m SELECT name
 FROM sqlite_master
 WHERE type = 'table' AND NOT name = 'sqlite_sequence'
[0m
  [1m[35mSQL (0.1ms)[0m  SELECT "schema_migrations"."version" FROM "schema_migrations"
  [1m[36mSQL (0.1ms)[0m  [1m SELECT name
 FROM sqlite_master
 WHERE type = 'table' AND NOT name = 'sqlite_sequence'
[0m
  [1m[35mSQL (0.0ms)[0m  PRAGMA index_list("users")


Started GET "/controllers" for 127.0.0.1 at Thu Mar 03 18:01:58 -0300 2011

ActionController::RoutingError (No route matches "/controllers"):
  

Rendered /opt/local/lib/ruby/gems/1.8/gems/actionpack-3.0.4/lib/action_dispatch/middleware/templates/rescues/routing_error.erb within rescues/layout (0.8ms)


Started GET "/user" for 127.0.0.1 at Thu Mar 03 18:03:21 -0300 2011

ActionController::RoutingError (No route matches "/user"):
  

Rendered /opt/local/lib/ruby/gems/1.8/gems/actionpack-3.0.4/lib/action_dispatch/middleware/templates/rescues/routing_error.erb within rescues/layout (0.7ms)


Started GET "/users" for 127.0.0.1 at Thu Mar 03 18:03:23 -0300 2011
  Processing by UsersController#index as HTML
  [1m[36mUser Load (18.2ms)[0m  [1mSELECT "users".* FROM "users"[0m
Rendered users/index.html.erb within layouts/application (3.1ms)
Completed 200 OK in 79ms (Views: 22.8ms | ActiveRecord: 18.2ms)


Started GET "/users/new" for 127.0.0.1 at Thu Mar 03 18:03:25 -0300 2011
  Processing by UsersController#new as HTML
Rendered users/_form.html.erb (63.5ms)
Rendered users/new.html.erb within layouts/application (68.1ms)
Completed 200 OK in 103ms (Views: 98.5ms | ActiveRecord: 0.0ms)


Started POST "/users" for 127.0.0.1 at Thu Mar 03 18:03:34 -0300 2011
  Processing by UsersController#create as HTML
  Parameters: {"commit"=>"Create User", "authenticity_token"=>"0yD1sItx9ldaE2Mq1bwBzwquPNYtMG1ApgH1NVVfd7w=", "utf8"=>"\342\234\223", "user"=>{"name"=>"test", "login"=>"test", "email"=>"gfcmotta@gmail.com"}}
  [1m[35mSQL (0.2ms)[0m   SELECT name
 FROM sqlite_master
 WHERE type = 'table' AND NOT name = 'sqlite_sequence'
  [1m[36mAREL (14.5ms)[0m  [1mINSERT INTO "users" ("login", "updated_at", "email", "created_at", "name") VALUES ('test', '2011-03-03 21:03:34.759647', 'gfcmotta@gmail.com', '2011-03-03 21:03:34.759647', 'test')[0m
Rendered user_mailer/welcome_email.html.erb (0.4ms)
Rendered user_mailer/welcome_email.text.erb (0.3ms)

Sent mail to gfcmotta@gmail.com (7417ms)
Date: Thu, 03 Mar 2011 18:03:35 -0300
From: gfcmotta@gmail.com
To: gfcmotta@gmail.com
Message-ID: <4d70022794833_2f76821c12e046895@Guilherme-Mottas-MacBook-Pro.local.mail>
Subject: Welcome to my awesome site
Mime-Version: 1.0
Content-Type: multipart/alternative;
 boundary="--==_mimepart_4d7002278c8d2_2f76821c12e04659a";
 charset=UTF-8
Content-Transfer-Encoding: 7bit



----==_mimepart_4d7002278c8d2_2f76821c12e04659a
Date: Thu, 03 Mar 2011 18:03:35 -0300
Mime-Version: 1.0
Content-Type: text/plain;
 charset=UTF-8
Content-Transfer-Encoding: 7bit
Content-ID: <4d700227909dd_2f76821c12e046676@Guilherme-Mottas-MacBook-Pro.local.mail>

Welcome to example.com, test
===============================================
 
You have successfully signed up to example.com,
your username is: test.
 
To login to the site, just follow this link: http://www.pudim.com.br.
 
Thanks for joining and have a great day!


----==_mimepart_4d7002278c8d2_2f76821c12e04659a
Date: Thu, 03 Mar 2011 18:03:35 -0300
Mime-Version: 1.0
Content-Type: text/html;
 charset=UTF-8
Content-Transfer-Encoding: 7bit
Content-ID: <4d70022792bdf_2f76821c12e046745@Guilherme-Mottas-MacBook-Pro.local.mail>

<!DOCTYPE html>
<html>
  <head>
    <meta content="text/html; charset=UTF-8" http-equiv="Content-Type" />
  </head>
  <body>
    <h1>Welcome to example.com, test</h1>
    <p>
      You have successfully signed up to example.com,
      your username is: test.<br/>
    </p>
    <p>
      To login to the site, just follow this link: http://www.pudim.com.br.
    </p>
    <p>Thanks for joining and have a great day!</p>
  </body>
</html>


----==_mimepart_4d7002278c8d2_2f76821c12e04659a--
Redirected to http://0.0.0.0:3000/users/1
Completed 302 Found in 8253ms


Started GET "/users/1" for 127.0.0.1 at Thu Mar 03 18:03:43 -0300 2011
  Processing by UsersController#show as HTML
  Parameters: {"id"=>"1"}
  [1m[35mUser Load (0.2ms)[0m  SELECT "users".* FROM "users" WHERE "users"."id" = 1 LIMIT 1
Rendered users/show.html.erb within layouts/application (8.8ms)
Completed 200 OK in 40ms (Views: 34.8ms | ActiveRecord: 14.9ms)


Started GET "/users" for 127.0.0.1 at Thu Mar 03 19:09:22 -0300 2011
  Processing by UsersController#index as HTML
  [1m[36mUser Load (30.1ms)[0m  [1mSELECT "users".* FROM "users"[0m
Rendered users/index.html.erb within layouts/application (27.1ms)
Completed 200 OK in 137ms (Views: 65.4ms | ActiveRecord: 30.1ms)


Started GET "/users/new" for 127.0.0.1 at Thu Mar 03 19:09:26 -0300 2011
  Processing by UsersController#new as HTML
Rendered users/_form.html.erb (63.0ms)
Rendered users/new.html.erb within layouts/application (68.0ms)
Completed 200 OK in 95ms (Views: 90.6ms | ActiveRecord: 0.0ms)


Started POST "/users" for 127.0.0.1 at Thu Mar 03 19:09:40 -0300 2011
  Processing by UsersController#create as HTML
  Parameters: {"commit"=>"Create User", "authenticity_token"=>"0yD1sItx9ldaE2Mq1bwBzwquPNYtMG1ApgH1NVVfd7w=", "utf8"=>"\342\234\223", "user"=>{"name"=>"glauberviadinho", "login"=>"gv@gv.com", "email"=>"gfcmotta@gmail.com"}}
  [1m[35mSQL (0.2ms)[0m   SELECT name
 FROM sqlite_master
 WHERE type = 'table' AND NOT name = 'sqlite_sequence'
  [1m[36mAREL (25.8ms)[0m  [1mINSERT INTO "users" ("updated_at", "login", "name", "email", "created_at") VALUES ('2011-03-03 22:09:40.517519', 'gv@gv.com', 'glauberviadinho', 'gfcmotta@gmail.com', '2011-03-03 22:09:40.517519')[0m
Rendered user_mailer/welcome_email.html.erb (0.4ms)
Rendered user_mailer/welcome_email.text.erb (0.3ms)

Sent mail to gfcmotta@gmail.com (6915ms)
Date: Thu, 03 Mar 2011 19:09:41 -0300
From: gfcmotta@gmail.com
To: gfcmotta@gmail.com
Message-ID: <4d7011a55482d_31088221cce455325@Guilherme-Mottas-MacBook-Pro.local.mail>
Subject: Welcome to my awesome site
Mime-Version: 1.0
Content-Type: multipart/alternative;
 boundary="--==_mimepart_4d7011a54ca71_31088221cce4550f4";
 charset=UTF-8
Content-Transfer-Encoding: 7bit



----==_mimepart_4d7011a54ca71_31088221cce4550f4
Date: Thu, 03 Mar 2011 19:09:41 -0300
Mime-Version: 1.0
Content-Type: text/plain;
 charset=UTF-8
Content-Transfer-Encoding: 7bit
Content-ID: <4d7011a550d86_31088221cce45510@Guilherme-Mottas-MacBook-Pro.local.mail>

Welcome to example.com, glauberviadinho
===============================================
 
You have successfully signed up to example.com,
your username is: gv@gv.com.
 
To login to the site, just follow this link: http://www.pudim.com.br.
 
Thanks for joining and have a great day!


----==_mimepart_4d7011a54ca71_31088221cce4550f4
Date: Thu, 03 Mar 2011 19:09:41 -0300
Mime-Version: 1.0
Content-Type: text/html;
 charset=UTF-8
Content-Transfer-Encoding: 7bit
Content-ID: <4d7011a552e3f_31088221cce45522d@Guilherme-Mottas-MacBook-Pro.local.mail>

<!DOCTYPE html>
<html>
  <head>
    <meta content="text/html; charset=UTF-8" http-equiv="Content-Type" />
  </head>
  <body>
    <h1>Welcome to example.com, glauberviadinho</h1>
    <p>
      You have successfully signed up to example.com,
      your username is: gv@gv.com.<br/>
    </p>
    <p>
      To login to the site, just follow this link: http://www.pudim.com.br.
    </p>
    <p>Thanks for joining and have a great day!</p>
  </body>
</html>


----==_mimepart_4d7011a54ca71_31088221cce4550f4--
Redirected to http://0.0.0.0:3000/users/2
Completed 302 Found in 7732ms


Started GET "/users/2" for 127.0.0.1 at Thu Mar 03 19:09:48 -0300 2011
  Processing by UsersController#show as HTML
  Parameters: {"id"=>"2"}
  [1m[35mUser Load (0.6ms)[0m  SELECT "users".* FROM "users" WHERE "users"."id" = 2 LIMIT 1
Rendered users/show.html.erb within layouts/application (13.5ms)
Completed 200 OK in 72ms (Views: 66.2ms | ActiveRecord: 26.5ms)
